[debug] [2018-01-22T17:06:03.493Z] ----------------------------------------------------------------------
[debug] [2018-01-22T17:06:03.496Z] Command:       C:\Program Files\nodejs\node.exe C:\Users\Payjoe\AppData\Roaming\npm\node_modules\firebase-tools\bin\firebase experimental:functions:shell
[debug] [2018-01-22T17:06:03.496Z] CLI Version:   3.17.3
[debug] [2018-01-22T17:06:03.496Z] Platform:      win32
[debug] [2018-01-22T17:06:03.496Z] Node Version:  v8.9.3
[debug] [2018-01-22T17:06:03.497Z] Time:          Tue Jan 23 2018 00:06:03 GMT+0700 (SE Asia Standard Time)
[debug] [2018-01-22T17:06:03.497Z] ----------------------------------------------------------------------
[debug] 
[debug] [2018-01-22T17:06:03.512Z] > command requires scopes: ["email","openid","https://www.googleapis.com/auth/cloudplatformprojects.readonly","https://www.googleapis.com/auth/firebase","https://www.googleapis.com/auth/cloud-platform"]
[debug] [2018-01-22T17:06:03.513Z] > authorizing via signed-in user
[debug] [2018-01-22T17:06:03.516Z] >>> HTTP REQUEST GET https://admin.firebase.com/v1/projects/adu-kosakata  
  
 Tue Jan 23 2018 00:06:03 GMT+0700 (SE Asia Standard Time)
[debug] [2018-01-22T17:06:04.821Z] <<< HTTP RESPONSE 200
[debug] [2018-01-22T17:06:04.822Z] >>> HTTP REQUEST GET https://admin.firebase.com/v1/database/adu-kosakata/tokens  
  
 Tue Jan 23 2018 00:06:04 GMT+0700 (SE Asia Standard Time)
[debug] [2018-01-22T17:06:06.107Z] <<< HTTP RESPONSE 200
[info] i  functions: Preparing to emulate functions.
[debug] [2018-01-22T17:06:07.006Z] Fetching environment
[debug] [2018-01-22T17:06:07.008Z] >>> HTTP REQUEST GET https://appengine.googleapis.com/v1/apps/adu-kosakata  
  
 Tue Jan 23 2018 00:06:07 GMT+0700 (SE Asia Standard Time)
[debug] [2018-01-22T17:06:07.008Z] >>> HTTP REQUEST GET https://apikeys.googleapis.com/v1/projects/adu-kosakata/apiKeys  
  
 Tue Jan 23 2018 00:06:07 GMT+0700 (SE Asia Standard Time)
[debug] [2018-01-22T17:06:08.968Z] <<< HTTP RESPONSE 200
[debug] [2018-01-22T17:06:09.024Z] <<< HTTP RESPONSE 200
[debug] [2018-01-22T17:06:09.025Z] Starting @google-cloud/functions-emulator
[debug] [2018-01-22T17:06:11.740Z] Parsing function triggers
[debug] [2018-01-22T17:06:12.365Z] Deploying functions locally
[debug] [2018-01-22T17:06:12.368Z] Deploying functions locally
[info] +  functions: findmatch
[info] +  functions: generateKosakata
